$ next build
⚠ Warning: Next.js inferred your workspace root, but it may not be correct.
 We detected multiple lockfiles and selected the directory of /home/ubuntu/package-lock.json as the root directory.
 To silence this warning, set `turbopack.root` in your Next.js config, or consider removing one of the lockfiles if it's not needed.
   See https://nextjs.org/docs/app/api-reference/config/next-config-js/turbopack#root-directory for more information.
 Detected additional lockfiles: 
   * /home/ubuntu/workspace/maestro/pnpm-workspace.yaml

▲ Next.js 16.2.6 (Turbopack)

⚠ The "middleware" file convention is deprecated. Please use "proxy" instead. Learn more: https://nextjs.org/docs/messages/middleware-to-proxy
  Creating an optimized production build ...
✓ Compiled successfully in 1692ms
  Running TypeScript ...
  Finished TypeScript in 1859ms ...
  Collecting page data using 19 workers ...
⚠ Using edge runtime on a page currently disables static generation for that page
  Generating static pages using 19 workers (0/26) ...
⚠ metadataBase property in metadata export is not set for resolving social open graph or twitter images, using "http://localhost:3000". See https://nextjs.org/docs/app/api-reference/functions/generate-metadata#metadatabase
⚠ metadataBase property in metadata export is not set for resolving social open graph or twitter images, using "http://localhost:3000". See https://nextjs.org/docs/app/api-reference/functions/generate-metadata#metadatabase
  Generating static pages using 19 workers (6/26) 
  Generating static pages using 19 workers (12/26) 
  Generating static pages using 19 workers (19/26) 
✓ Generating static pages using 19 workers (26/26) in 155ms
  Finalizing page optimization ...

Route (app)
┌ ○ /
├ ○ /_not-found
├ ƒ /[locale]
├ ƒ /[locale]/dashboard
├ ƒ /[locale]/dashboard/clients
├ ƒ /[locale]/dashboard/events
├ ƒ /[locale]/dashboard/invoices
├ ƒ /-/opengraph-image
├ ƒ /[locale]/pricing
├ ƒ /[locale]/signin
├ ƒ /[locale]/signup
├ ƒ /[locale]/sitemap.xml
├ ƒ /api/auth/[...nextauth]
├ ƒ /api/clients
├ ƒ /api/clients/[id]
├ ƒ /api/dashboard/stats
├ ƒ /api/events
├ ƒ /api/invoices
├ ƒ /api/stripe/checkout
└ ƒ /api/webhooks/stripe


ƒ Proxy (Middleware)

○  (Static)   prerendered as static content
ƒ  (Dynamic)  server-rendered on demand

